# JRE version: Java(TM) SE Runtime Environment (8.0_201-b09) (build 1.8.0_201-b09)
# Java VM: Java HotSpot(TM) 64-Bit Server VM (25.201-b09 mixed mode windows-amd64 compressed oops)
Heap:
 PSYoungGen      total 188416K, used 156200K [0x00000000d6e00000, 0x00000000e3d00000, 0x0000000100000000)
  eden space 170496K, 91% used [0x00000000d6e00000,0x00000000e068a2a0,0x00000000e1480000)
  from space 17920K, 0% used [0x00000000e2880000,0x00000000e2880000,0x00000000e3a00000)
  to   space 20480K, 0% used [0x00000000e1480000,0x00000000e1480000,0x00000000e2880000)
 ParOldGen       total 151040K, used 37909K [0x0000000084a00000, 0x000000008dd80000, 0x00000000d6e00000)
  object space 151040K, 25% used [0x0000000084a00000,0x0000000086f05560,0x000000008dd80000)
 Metaspace       used 62426K, capacity 65992K, committed 66176K, reserved 1105920K
  class space    used 8712K, capacity 9301K, committed 9344K, reserved 1048576K
GC Heap History (10 events):
Event: 3.735 GC heap before
{Heap before GC invocations=9 (full 1):
 PSYoungGen      total 104448K, used 70078K [0x00000000d6e00000, 0x00000000e1480000, 0x0000000100000000)
  eden space 95744K, 64% used [0x00000000d6e00000,0x00000000da9f0f38,0x00000000dcb80000)
  from space 8704K, 99% used [0x00000000dcb80000,0x00000000dd3feb60,0x00000000dd400000)
  to   space 14336K, 0% used [0x00000000e0680000,0x00000000e0680000,0x00000000e1480000)
 ParOldGen       total 57344K, used 19124K [0x0000000084a00000, 0x0000000088200000, 0x00000000d6e00000)
  object space 57344K, 33% used [0x0000000084a00000,0x0000000085cad140,0x0000000088200000)
 Metaspace       used 33855K, capacity 35428K, committed 35496K, reserved 1079296K
  class space    used 4505K, capacity 4819K, committed 4864K, reserved 1048576K
Event: 3.749 GC heap after
Heap after GC invocations=9 (full 1):
 PSYoungGen      total 155648K, used 11824K [0x00000000d6e00000, 0x00000000e1780000, 0x0000000100000000)
  eden space 141312K, 0% used [0x00000000d6e00000,0x00000000d6e00000,0x00000000df800000)
  from space 14336K, 82% used [0x00000000e0680000,0x00000000e120c1d8,0x00000000e1480000)
  to   space 14848K, 0% used [0x00000000df800000,0x00000000df800000,0x00000000e0680000)
 ParOldGen       total 57344K, used 19124K [0x0000000084a00000, 0x0000000088200000, 0x00000000d6e00000)
  object space 57344K, 33% used [0x0000000084a00000,0x0000000085cad140,0x0000000088200000)
 Metaspace       used 33855K, capacity 35428K, committed 35496K, reserved 1079296K
  class space    used 4505K, capacity 4819K, committed 4864K, reserved 1048576K
}
Event: 3.749 GC heap before
{Heap before GC invocations=10 (full 2):
 PSYoungGen      total 155648K, used 11824K [0x00000000d6e00000, 0x00000000e1780000, 0x0000000100000000)
  eden space 141312K, 0% used [0x00000000d6e00000,0x00000000d6e00000,0x00000000df800000)
  from space 14336K, 82% used [0x00000000e0680000,0x00000000e120c1d8,0x00000000e1480000)
  to   space 14848K, 0% used [0x00000000df800000,0x00000000df800000,0x00000000e0680000)
 ParOldGen       total 57344K, used 19124K [0x0000000084a00000, 0x0000000088200000, 0x00000000d6e00000)
  object space 57344K, 33% used [0x0000000084a00000,0x0000000085cad140,0x0000000088200000)
 Metaspace       used 33855K, capacity 35428K, committed 35496K, reserved 1079296K
  class space    used 4505K, capacity 4819K, committed 4864K, reserved 1048576K
Event: 3.849 GC heap after
Heap after GC invocations=10 (full 2):
 PSYoungGen      total 155648K, used 0K [0x00000000d6e00000, 0x00000000e1780000, 0x0000000100000000)
  eden space 141312K, 0% used [0x00000000d6e00000,0x00000000d6e00000,0x00000000df800000)
  from space 14336K, 0% used [0x00000000e0680000,0x00000000e0680000,0x00000000e1480000)
  to   space 14848K, 0% used [0x00000000df800000,0x00000000df800000,0x00000000e0680000)
 ParOldGen       total 103424K, used 21898K [0x0000000084a00000, 0x000000008af00000, 0x00000000d6e00000)
  object space 103424K, 21% used [0x0000000084a00000,0x0000000085f629d0,0x000000008af00000)
 Metaspace       used 33855K, capacity 35428K, committed 35496K, reserved 1079296K
  class space    used 4505K, capacity 4819K, committed 4864K, reserved 1048576K
}
Event: 5.628 GC heap before
{Heap before GC invocations=11 (full 2):
 PSYoungGen      total 155648K, used 141312K [0x00000000d6e00000, 0x00000000e1780000, 0x0000000100000000)
  eden space 141312K, 100% used [0x00000000d6e00000,0x00000000df800000,0x00000000df800000)
  from space 14336K, 0% used [0x00000000e0680000,0x00000000e0680000,0x00000000e1480000)
  to   space 14848K, 0% used [0x00000000df800000,0x00000000df800000,0x00000000e0680000)
 ParOldGen       total 103424K, used 21898K [0x0000000084a00000, 0x000000008af00000, 0x00000000d6e00000)
  object space 103424K, 21% used [0x0000000084a00000,0x0000000085f629d0,0x000000008af00000)
 Metaspace       used 48340K, capacity 50156K, committed 50432K, reserved 1093632K
  class space    used 6698K, capacity 7055K, committed 7168K, reserved 1048576K
Event: 5.644 GC heap after
Heap after GC invocations=11 (full 2):
 PSYoungGen      total 156160K, used 14830K [0x00000000d6e00000, 0x00000000e3a00000, 0x0000000100000000)
  eden space 141312K, 0% used [0x00000000d6e00000,0x00000000d6e00000,0x00000000df800000)
  from space 14848K, 99% used [0x00000000df800000,0x00000000e067b920,0x00000000e0680000)
  to   space 17920K, 0% used [0x00000000e2880000,0x00000000e2880000,0x00000000e3a00000)
 ParOldGen       total 103424K, used 24350K [0x0000000084a00000, 0x000000008af00000, 0x00000000d6e00000)
  object space 103424K, 23% used [0x0000000084a00000,0x00000000861c7ba8,0x000000008af00000)
 Metaspace       used 48340K, capacity 50156K, committed 50432K, reserved 1093632K
  class space    used 6698K, capacity 7055K, committed 7168K, reserved 1048576K
}
Event: 7.146 GC heap before
{Heap before GC invocations=12 (full 2):
 PSYoungGen      total 156160K, used 151371K [0x00000000d6e00000, 0x00000000e3a00000, 0x0000000100000000)
  eden space 141312K, 96% used [0x00000000d6e00000,0x00000000df357560,0x00000000df800000)
  from space 14848K, 99% used [0x00000000df800000,0x00000000e067b920,0x00000000e0680000)
  to   space 17920K, 0% used [0x00000000e2880000,0x00000000e2880000,0x00000000e3a00000)
 ParOldGen       total 103424K, used 24350K [0x0000000084a00000, 0x000000008af00000, 0x00000000d6e00000)
  object space 103424K, 23% used [0x0000000084a00000,0x00000000861c7ba8,0x000000008af00000)
 Metaspace       used 56308K, capacity 59088K, committed 59160K, reserved 1099776K
  class space    used 7782K, capacity 8295K, committed 8320K, reserved 1048576K
Event: 7.166 GC heap after
Heap after GC invocations=12 (full 2):
 PSYoungGen      total 188416K, used 17908K [0x00000000d6e00000, 0x00000000e3d00000, 0x0000000100000000)
  eden space 170496K, 0% used [0x00000000d6e00000,0x00000000d6e00000,0x00000000e1480000)
  from space 17920K, 99% used [0x00000000e2880000,0x00000000e39fd320,0x00000000e3a00000)
  to   space 20480K, 0% used [0x00000000e1480000,0x00000000e1480000,0x00000000e2880000)
 ParOldGen       total 103424K, used 25626K [0x0000000084a00000, 0x000000008af00000, 0x00000000d6e00000)
  object space 103424K, 24% used [0x0000000084a00000,0x0000000086306a08,0x000000008af00000)
 Metaspace       used 56308K, capacity 59088K, committed 59160K, reserved 1099776K
  class space    used 7782K, capacity 8295K, committed 8320K, reserved 1048576K
}
Event: 7.166 GC heap before
{Heap before GC invocations=13 (full 3):
 PSYoungGen      total 188416K, used 17908K [0x00000000d6e00000, 0x00000000e3d00000, 0x0000000100000000)
  eden space 170496K, 0% used [0x00000000d6e00000,0x00000000d6e00000,0x00000000e1480000)
  from space 17920K, 99% used [0x00000000e2880000,0x00000000e39fd320,0x00000000e3a00000)
  to   space 20480K, 0% used [0x00000000e1480000,0x00000000e1480000,0x00000000e2880000)
 ParOldGen       total 103424K, used 25626K [0x0000000084a00000, 0x000000008af00000, 0x00000000d6e00000)
  object space 103424K, 24% used [0x0000000084a00000,0x0000000086306a08,0x000000008af00000)
 Metaspace       used 56308K, capacity 59088K, committed 59160K, reserved 1099776K
  class space    used 7782K, capacity 8295K, committed 8320K, reserved 1048576K
Event: 7.424 GC heap after
Heap after GC invocations=13 (full 3):
 PSYoungGen      total 188416K, used 0K [0x00000000d6e00000, 0x00000000e3d00000, 0x0000000100000000)
  eden space 170496K, 0% used [0x00000000d6e00000,0x00000000d6e00000,0x00000000e1480000)
  from space 17920K, 0% used [0x00000000e2880000,0x00000000e2880000,0x00000000e3a00000)
  to   space 20480K, 0% used [0x00000000e1480000,0x00000000e1480000,0x00000000e2880000)
 ParOldGen       total 151040K, used 37909K [0x0000000084a00000, 0x000000008dd80000, 0x00000000d6e00000)
  object space 151040K, 25% used [0x0000000084a00000,0x0000000086f05560,0x000000008dd80000)
 Metaspace       used 56308K, capacity 59088K, committed 59160K, reserved 1099776K
  class space    used 7782K, capacity 8295K, committed 8320K, reserved 1048576K
}

